TN:
SF:01-ratelimitter.js
FNF:0
FNH:0
DA:1,1
DA:2,1
DA:3,1
DA:4,1
DA:5,1
DA:6,1
DA:7,1
DA:8,1
DA:9,1
DA:10,1
DA:11,1
DA:12,1
DA:13,1
DA:14,1
DA:15,1
DA:16,1
DA:17,1
DA:18,1
DA:19,1
DA:20,1
DA:21,1
DA:22,1
DA:23,13
DA:24,13
DA:25,13
DA:26,0
DA:27,0
DA:28,13
DA:29,13
DA:30,13
DA:31,13
DA:32,13
DA:33,2
DA:34,2
DA:35,13
DA:36,13
DA:37,13
DA:38,13
DA:39,13
DA:40,13
DA:41,13
DA:42,13
DA:43,13
DA:44,13
DA:45,13
DA:46,0
DA:47,0
DA:48,0
DA:49,13
DA:50,13
DA:51,13
DA:52,13
DA:53,13
DA:54,7
DA:55,13
DA:56,6
DA:57,6
DA:58,1
DA:59,1
DA:60,1
DA:61,1
DA:62,2
DA:63,1
DA:64,1
DA:65,1
DA:66,1
DA:67,1
DA:68,6
DA:69,1
DA:70,1
DA:71,1
DA:72,0
DA:73,1
DA:74,1
DA:75,1
DA:76,1
DA:77,1
LF:77
LH:71
BRDA:22,0,0,13
BRDA:25,1,0,0
BRDA:32,2,0,2
BRDA:45,3,0,0
BRDA:53,4,0,7
BRDA:55,5,0,6
BRDA:61,6,0,2
BRDA:67,7,0,6
BRF:8
BRH:6
end_of_record
